26-Oct-24 09:21:38 - Odak's logger initiated. Log is saved to odak.log.
26-Oct-24 09:21:39 - matplotlib data path: /home/zheng.chua/anaconda3/envs/py3.8pyt2.0/lib/python3.8/site-packages/matplotlib/mpl-data
26-Oct-24 09:21:39 - CONFIGDIR=/home/zheng.chua/.config/matplotlib
26-Oct-24 09:21:39 - interactive is False
26-Oct-24 09:21:39 - platform is linux
26-Oct-24 09:21:39 - CACHEDIR=/home/zheng.chua/.cache/matplotlib
26-Oct-24 09:21:39 - Using fontManager instance from /home/zheng.chua/.cache/matplotlib/fontlist-v330.json
26-Oct-24 09:21:39 - Loaded backend agg version v2.2.
26-Oct-24 09:23:33 - Odak's logger initiated. Log is saved to odak.log.
26-Oct-24 09:23:33 - matplotlib data path: /home/zheng.chua/anaconda3/envs/py3.8pyt2.0/lib/python3.8/site-packages/matplotlib/mpl-data
26-Oct-24 09:23:33 - CONFIGDIR=/home/zheng.chua/.config/matplotlib
26-Oct-24 09:23:33 - interactive is False
26-Oct-24 09:23:33 - platform is linux
26-Oct-24 09:23:33 - CACHEDIR=/home/zheng.chua/.cache/matplotlib
26-Oct-24 09:23:33 - Using fontManager instance from /home/zheng.chua/.cache/matplotlib/fontlist-v330.json
26-Oct-24 09:23:33 - Loaded backend agg version v2.2.
26-Oct-24 09:35:44 - Odak's logger initiated. Log is saved to odak.log.
26-Oct-24 09:35:44 - matplotlib data path: /home/zheng.chua/anaconda3/envs/py3.8pyt2.0/lib/python3.8/site-packages/matplotlib/mpl-data
26-Oct-24 09:35:44 - CONFIGDIR=/home/zheng.chua/.config/matplotlib
26-Oct-24 09:35:44 - interactive is False
26-Oct-24 09:35:44 - platform is linux
26-Oct-24 09:35:44 - CACHEDIR=/home/zheng.chua/.cache/matplotlib
26-Oct-24 09:35:44 - Using fontManager instance from /home/zheng.chua/.cache/matplotlib/fontlist-v330.json
26-Oct-24 09:35:45 - Loaded backend agg version v2.2.
26-Oct-24 09:49:37 - Odak's logger initiated. Log is saved to odak.log.
26-Oct-24 09:49:37 - matplotlib data path: /home/zheng.chua/anaconda3/envs/py3.8pyt2.0/lib/python3.8/site-packages/matplotlib/mpl-data
26-Oct-24 09:49:37 - CONFIGDIR=/home/zheng.chua/.config/matplotlib
26-Oct-24 09:49:37 - interactive is False
26-Oct-24 09:49:37 - platform is linux
26-Oct-24 09:49:37 - CACHEDIR=/home/zheng.chua/.cache/matplotlib
26-Oct-24 09:49:37 - Using fontManager instance from /home/zheng.chua/.cache/matplotlib/fontlist-v330.json
26-Oct-24 09:49:38 - Loaded backend agg version v2.2.
26-Oct-24 10:01:39 - Odak's logger initiated. Log is saved to odak.log.
26-Oct-24 10:01:39 - matplotlib data path: /home/zheng.chua/anaconda3/envs/py3.8pyt2.0/lib/python3.8/site-packages/matplotlib/mpl-data
26-Oct-24 10:01:39 - CONFIGDIR=/home/zheng.chua/.config/matplotlib
26-Oct-24 10:01:39 - interactive is False
26-Oct-24 10:01:39 - platform is linux
26-Oct-24 10:01:39 - CACHEDIR=/home/zheng.chua/.cache/matplotlib
26-Oct-24 10:01:39 - Using fontManager instance from /home/zheng.chua/.cache/matplotlib/fontlist-v330.json
26-Oct-24 10:01:39 - Loaded backend agg version v2.2.
26-Oct-24 10:11:40 - Odak's logger initiated. Log is saved to odak.log.
26-Oct-24 10:11:40 - matplotlib data path: /home/zheng.chua/anaconda3/envs/py3.8pyt2.0/lib/python3.8/site-packages/matplotlib/mpl-data
26-Oct-24 10:11:40 - CONFIGDIR=/home/zheng.chua/.config/matplotlib
26-Oct-24 10:11:40 - interactive is False
26-Oct-24 10:11:40 - platform is linux
26-Oct-24 10:11:40 - CACHEDIR=/home/zheng.chua/.cache/matplotlib
26-Oct-24 10:11:41 - Using fontManager instance from /home/zheng.chua/.cache/matplotlib/fontlist-v330.json
26-Oct-24 10:11:41 - Loaded backend agg version v2.2.
26-Oct-24 10:15:40 - Odak's logger initiated. Log is saved to odak.log.
26-Oct-24 10:15:41 - matplotlib data path: /home/zheng.chua/anaconda3/envs/py3.8pyt2.0/lib/python3.8/site-packages/matplotlib/mpl-data
26-Oct-24 10:15:41 - CONFIGDIR=/home/zheng.chua/.config/matplotlib
26-Oct-24 10:15:41 - interactive is False
26-Oct-24 10:15:41 - platform is linux
26-Oct-24 10:15:41 - CACHEDIR=/home/zheng.chua/.cache/matplotlib
26-Oct-24 10:15:41 - Using fontManager instance from /home/zheng.chua/.cache/matplotlib/fontlist-v330.json
26-Oct-24 10:15:41 - Loaded backend agg version v2.2.
26-Oct-24 10:20:42 - Odak's logger initiated. Log is saved to odak.log.
26-Oct-24 10:20:42 - matplotlib data path: /home/zheng.chua/anaconda3/envs/py3.8pyt2.0/lib/python3.8/site-packages/matplotlib/mpl-data
26-Oct-24 10:20:42 - CONFIGDIR=/home/zheng.chua/.config/matplotlib
26-Oct-24 10:20:42 - interactive is False
26-Oct-24 10:20:42 - platform is linux
26-Oct-24 10:20:43 - CACHEDIR=/home/zheng.chua/.cache/matplotlib
26-Oct-24 10:20:43 - Using fontManager instance from /home/zheng.chua/.cache/matplotlib/fontlist-v330.json
26-Oct-24 10:20:43 - Loaded backend agg version v2.2.
26-Oct-24 10:22:42 - Odak's logger initiated. Log is saved to odak.log.
26-Oct-24 10:22:42 - matplotlib data path: /home/zheng.chua/anaconda3/envs/py3.8pyt2.0/lib/python3.8/site-packages/matplotlib/mpl-data
26-Oct-24 10:22:42 - CONFIGDIR=/home/zheng.chua/.config/matplotlib
26-Oct-24 10:22:42 - interactive is False
26-Oct-24 10:22:42 - platform is linux
26-Oct-24 10:22:42 - CACHEDIR=/home/zheng.chua/.cache/matplotlib
26-Oct-24 10:22:42 - Using fontManager instance from /home/zheng.chua/.cache/matplotlib/fontlist-v330.json
26-Oct-24 10:22:43 - Loaded backend agg version v2.2.
26-Oct-24 10:24:42 - Odak's logger initiated. Log is saved to odak.log.
26-Oct-24 10:24:42 - matplotlib data path: /home/zheng.chua/anaconda3/envs/py3.8pyt2.0/lib/python3.8/site-packages/matplotlib/mpl-data
26-Oct-24 10:24:42 - CONFIGDIR=/home/zheng.chua/.config/matplotlib
26-Oct-24 10:24:42 - interactive is False
26-Oct-24 10:24:42 - platform is linux
26-Oct-24 10:24:42 - CACHEDIR=/home/zheng.chua/.cache/matplotlib
26-Oct-24 10:24:42 - Using fontManager instance from /home/zheng.chua/.cache/matplotlib/fontlist-v330.json
26-Oct-24 10:24:42 - Loaded backend agg version v2.2.
26-Oct-24 10:24:43 - Odak's logger initiated. Log is saved to odak.log.
26-Oct-24 10:30:44 - Odak's logger initiated. Log is saved to odak.log.
26-Oct-24 10:30:44 - matplotlib data path: /home/zheng.chua/anaconda3/envs/py3.8pyt2.0/lib/python3.8/site-packages/matplotlib/mpl-data
26-Oct-24 10:30:44 - CONFIGDIR=/home/zheng.chua/.config/matplotlib
26-Oct-24 10:30:44 - interactive is False
26-Oct-24 10:30:44 - platform is linux
26-Oct-24 10:30:44 - CACHEDIR=/home/zheng.chua/.cache/matplotlib
26-Oct-24 10:30:44 - Using fontManager instance from /home/zheng.chua/.cache/matplotlib/fontlist-v330.json
26-Oct-24 10:30:45 - Loaded backend agg version v2.2.
26-Oct-24 10:32:41 - Odak's logger initiated. Log is saved to odak.log.
26-Oct-24 10:32:41 - matplotlib data path: /home/zheng.chua/anaconda3/envs/py3.8pyt2.0/lib/python3.8/site-packages/matplotlib/mpl-data
26-Oct-24 10:32:41 - CONFIGDIR=/home/zheng.chua/.config/matplotlib
26-Oct-24 10:32:41 - interactive is False
26-Oct-24 10:32:41 - platform is linux
26-Oct-24 10:32:41 - CACHEDIR=/home/zheng.chua/.cache/matplotlib
26-Oct-24 10:32:41 - Using fontManager instance from /home/zheng.chua/.cache/matplotlib/fontlist-v330.json
26-Oct-24 10:32:41 - Loaded backend agg version v2.2.
26-Oct-24 10:37:00 - Odak's logger initiated. Log is saved to odak.log.
26-Oct-24 10:37:01 - matplotlib data path: /home/zheng.chua/anaconda3/envs/py3.8pyt2.0/lib/python3.8/site-packages/matplotlib/mpl-data
26-Oct-24 10:37:01 - CONFIGDIR=/home/zheng.chua/.config/matplotlib
26-Oct-24 10:37:01 - interactive is False
26-Oct-24 10:37:01 - platform is linux
26-Oct-24 10:37:01 - CACHEDIR=/home/zheng.chua/.cache/matplotlib
26-Oct-24 10:37:01 - Using fontManager instance from /home/zheng.chua/.cache/matplotlib/fontlist-v330.json
26-Oct-24 10:37:02 - Loaded backend agg version v2.2.
26-Oct-24 10:38:48 - Odak's logger initiated. Log is saved to odak.log.
26-Oct-24 10:38:49 - matplotlib data path: /home/zheng.chua/anaconda3/envs/py3.8pyt2.0/lib/python3.8/site-packages/matplotlib/mpl-data
26-Oct-24 10:38:49 - CONFIGDIR=/home/zheng.chua/.config/matplotlib
26-Oct-24 10:38:49 - interactive is False
26-Oct-24 10:38:49 - platform is linux
26-Oct-24 10:38:49 - CACHEDIR=/home/zheng.chua/.cache/matplotlib
26-Oct-24 10:38:49 - Using fontManager instance from /home/zheng.chua/.cache/matplotlib/fontlist-v330.json
26-Oct-24 10:38:50 - Loaded backend agg version v2.2.
26-Oct-24 10:50:45 - Odak's logger initiated. Log is saved to odak.log.
26-Oct-24 10:50:45 - matplotlib data path: /home/zheng.chua/anaconda3/envs/py3.8pyt2.0/lib/python3.8/site-packages/matplotlib/mpl-data
26-Oct-24 10:50:45 - CONFIGDIR=/home/zheng.chua/.config/matplotlib
26-Oct-24 10:50:45 - interactive is False
26-Oct-24 10:50:45 - platform is linux
26-Oct-24 10:50:45 - CACHEDIR=/home/zheng.chua/.cache/matplotlib
26-Oct-24 10:50:45 - Using fontManager instance from /home/zheng.chua/.cache/matplotlib/fontlist-v330.json
26-Oct-24 10:50:46 - Loaded backend agg version v2.2.
26-Oct-24 11:00:53 - Odak's logger initiated. Log is saved to odak.log.
26-Oct-24 11:00:53 - matplotlib data path: /home/zheng.chua/anaconda3/envs/py3.8pyt2.0/lib/python3.8/site-packages/matplotlib/mpl-data
26-Oct-24 11:00:53 - CONFIGDIR=/home/zheng.chua/.config/matplotlib
26-Oct-24 11:00:53 - interactive is False
26-Oct-24 11:00:53 - platform is linux
26-Oct-24 11:00:54 - CACHEDIR=/home/zheng.chua/.cache/matplotlib
26-Oct-24 11:00:54 - Using fontManager instance from /home/zheng.chua/.cache/matplotlib/fontlist-v330.json
26-Oct-24 11:00:54 - Loaded backend agg version v2.2.
26-Oct-24 11:03:53 - Odak's logger initiated. Log is saved to odak.log.
26-Oct-24 11:03:53 - matplotlib data path: /home/zheng.chua/anaconda3/envs/py3.8pyt2.0/lib/python3.8/site-packages/matplotlib/mpl-data
26-Oct-24 11:03:53 - CONFIGDIR=/home/zheng.chua/.config/matplotlib
26-Oct-24 11:03:53 - interactive is False
26-Oct-24 11:03:53 - platform is linux
26-Oct-24 11:03:53 - CACHEDIR=/home/zheng.chua/.cache/matplotlib
26-Oct-24 11:03:53 - Using fontManager instance from /home/zheng.chua/.cache/matplotlib/fontlist-v330.json
26-Oct-24 11:03:53 - Loaded backend agg version v2.2.
26-Oct-24 11:07:12 - Odak's logger initiated. Log is saved to odak.log.
26-Oct-24 11:07:14 - matplotlib data path: /home/zheng.chua/anaconda3/envs/py3.8pyt2.0/lib/python3.8/site-packages/matplotlib/mpl-data
26-Oct-24 11:07:14 - CONFIGDIR=/home/zheng.chua/.config/matplotlib
26-Oct-24 11:07:14 - interactive is False
26-Oct-24 11:07:14 - platform is linux
26-Oct-24 11:07:14 - CACHEDIR=/home/zheng.chua/.cache/matplotlib
26-Oct-24 11:07:14 - Using fontManager instance from /home/zheng.chua/.cache/matplotlib/fontlist-v330.json
26-Oct-24 11:07:16 - Loaded backend agg version v2.2.
26-Oct-24 11:13:18 - Odak's logger initiated. Log is saved to odak.log.
26-Oct-24 11:13:18 - matplotlib data path: /home/zheng.chua/anaconda3/envs/py3.8pyt2.0/lib/python3.8/site-packages/matplotlib/mpl-data
26-Oct-24 11:13:18 - CONFIGDIR=/home/zheng.chua/.config/matplotlib
26-Oct-24 11:13:18 - interactive is False
26-Oct-24 11:13:18 - platform is linux
26-Oct-24 11:13:18 - CACHEDIR=/home/zheng.chua/.cache/matplotlib
26-Oct-24 11:13:18 - Using fontManager instance from /home/zheng.chua/.cache/matplotlib/fontlist-v330.json
26-Oct-24 11:13:19 - Loaded backend agg version v2.2.
26-Oct-24 11:22:35 - Odak's logger initiated. Log is saved to odak.log.
26-Oct-24 11:22:35 - matplotlib data path: /home/zheng.chua/anaconda3/envs/py3.8pyt2.0/lib/python3.8/site-packages/matplotlib/mpl-data
26-Oct-24 11:22:35 - CONFIGDIR=/home/zheng.chua/.config/matplotlib
26-Oct-24 11:22:35 - interactive is False
26-Oct-24 11:22:35 - platform is linux
26-Oct-24 11:22:35 - CACHEDIR=/home/zheng.chua/.cache/matplotlib
26-Oct-24 11:22:35 - Using fontManager instance from /home/zheng.chua/.cache/matplotlib/fontlist-v330.json
26-Oct-24 11:22:35 - Loaded backend agg version v2.2.
26-Oct-24 11:23:54 - Odak's logger initiated. Log is saved to odak.log.
26-Oct-24 11:23:54 - matplotlib data path: /home/zheng.chua/anaconda3/envs/py3.8pyt2.0/lib/python3.8/site-packages/matplotlib/mpl-data
26-Oct-24 11:23:54 - CONFIGDIR=/home/zheng.chua/.config/matplotlib
26-Oct-24 11:23:54 - interactive is False
26-Oct-24 11:23:54 - platform is linux
26-Oct-24 11:23:55 - CACHEDIR=/home/zheng.chua/.cache/matplotlib
26-Oct-24 11:23:55 - Using fontManager instance from /home/zheng.chua/.cache/matplotlib/fontlist-v330.json
26-Oct-24 11:23:55 - Loaded backend agg version v2.2.
26-Oct-24 11:33:50 - Odak's logger initiated. Log is saved to odak.log.
26-Oct-24 11:35:56 - Odak's logger initiated. Log is saved to odak.log.
26-Oct-24 11:39:18 - Odak's logger initiated. Log is saved to odak.log.
26-Oct-24 11:39:18 - Image not properly loaded. Check filename or image type.
26-Oct-24 11:42:39 - Odak's logger initiated. Log is saved to odak.log.
26-Oct-24 11:42:40 - Image not properly loaded. Check filename or image type.
26-Oct-24 11:44:43 - Odak's logger initiated. Log is saved to odak.log.
26-Oct-24 11:44:43 - Image not properly loaded. Check filename or image type.
26-Oct-24 11:47:45 - Odak's logger initiated. Log is saved to odak.log.
